2019-10-21 22:15:26,487 [Worker-1: Loading available Gradle versions] INFO  o.e.b.c.i.u.g.PublishedGradleVersions - Gradle version information cache is up-to-date. Trying to read.
2019-10-21 22:18:57,846 [Worker-8: Creating maven-archetype-quickstart] INFO  o.e.m.c.i.p.ProjectConfigurationManager - Collecting project info '/pom.xml' E:\saran\revision\pom.xml
2019-10-21 22:19:01,320 [Worker-8: Creating maven-archetype-quickstart] INFO  o.e.m.c.i.l.LifecycleMappingFactory - Using org.eclipse.m2e.jdt.JarLifecycleMapping lifecycle mapping for MavenProject: cvs.all:revision:0.0.1-SNAPSHOT @ E:\saran\revision\pom.xml.
2019-10-21 22:19:05,882 [Worker-8: Creating maven-archetype-quickstart] INFO  o.e.m.j.i.AbstractJavaProjectConfigurator - Adding source folder /revision/src/main/java
2019-10-21 22:19:05,882 [Worker-8: Creating maven-archetype-quickstart] INFO  o.e.m.j.i.AbstractJavaProjectConfigurator - Adding source folder /revision/src/test/java
2019-10-21 22:19:07,304 [Worker-8: Creating maven-archetype-quickstart] INFO  o.e.m.c.i.p.ProjectConfigurationManager - Imported and configured 1 project(s) in 9 sec
2019-10-21 22:19:08,350 [Worker-15: Building workspace] INFO  o.e.m.c.i.embedder.EclipseLogger - Using 'UTF-8' encoding to copy filtered resources.
2019-10-21 22:19:08,350 [Worker-15: Building workspace] INFO  o.e.m.c.i.embedder.EclipseLogger - skip non existing resourceDirectory E:\saran\revision\src\main\resources
2019-10-21 22:19:08,350 [Worker-15: Building workspace] INFO  o.e.m.c.i.embedder.EclipseLogger - Using 'UTF-8' encoding to copy filtered resources.
2019-10-21 22:19:08,350 [Worker-15: Building workspace] INFO  o.e.m.c.i.embedder.EclipseLogger - skip non existing resourceDirectory E:\saran\revision\src\test\resources
2019-10-21 22:21:15,431 [Worker-14: Building workspace] INFO  o.e.m.c.i.embedder.EclipseLogger - Using 'UTF-8' encoding to copy filtered resources.
2019-10-21 22:21:15,431 [Worker-14: Building workspace] INFO  o.e.m.c.i.embedder.EclipseLogger - skip non existing resourceDirectory E:\saran\revision\src\main\resources
2019-10-21 22:21:15,431 [Worker-14: Building workspace] INFO  o.e.m.c.i.embedder.EclipseLogger - Using 'UTF-8' encoding to copy filtered resources.
2019-10-21 22:21:15,431 [Worker-14: Building workspace] INFO  o.e.m.c.i.embedder.EclipseLogger - skip non existing resourceDirectory E:\saran\revision\src\test\resources
2019-10-21 22:32:56,521 [Worker-13: Building workspace] INFO  o.e.m.c.i.l.LifecycleMappingFactory - Using org.eclipse.m2e.jdt.JarLifecycleMapping lifecycle mapping for MavenProject: cvs.all:revision:0.0.1-SNAPSHOT @ E:\saran\revision\pom.xml.
2019-10-21 22:32:58,428 [Worker-13: Building workspace] INFO  o.e.m.c.i.embedder.EclipseLogger - Using 'UTF-8' encoding to copy filtered resources.
2019-10-21 22:32:58,428 [Worker-13: Building workspace] INFO  o.e.m.c.i.embedder.EclipseLogger - skip non existing resourceDirectory E:\saran\revision\src\main\resources
2019-10-21 22:32:58,428 [Worker-13: Building workspace] INFO  o.e.m.c.i.embedder.EclipseLogger - Using 'UTF-8' encoding to copy filtered resources.
2019-10-21 22:32:58,428 [Worker-13: Building workspace] INFO  o.e.m.c.i.embedder.EclipseLogger - skip non existing resourceDirectory E:\saran\revision\src\test\resources
2019-10-21 22:33:04,144 [Worker-19: Building workspace] INFO  o.e.m.c.i.embedder.EclipseLogger - Using 'UTF-8' encoding to copy filtered resources.
2019-10-21 22:33:04,144 [Worker-19: Building workspace] INFO  o.e.m.c.i.embedder.EclipseLogger - skip non existing resourceDirectory E:\saran\revision\src\main\resources
2019-10-21 22:33:04,144 [Worker-19: Building workspace] INFO  o.e.m.c.i.embedder.EclipseLogger - Using 'UTF-8' encoding to copy filtered resources.
2019-10-21 22:33:04,144 [Worker-19: Building workspace] INFO  o.e.m.c.i.embedder.EclipseLogger - skip non existing resourceDirectory E:\saran\revision\src\test\resources
2019-10-21 22:37:32,915 [Worker-22: Building workspace] INFO  o.e.m.c.i.embedder.EclipseLogger - Using 'UTF-8' encoding to copy filtered resources.
2019-10-21 22:37:32,915 [Worker-22: Building workspace] INFO  o.e.m.c.i.embedder.EclipseLogger - skip non existing resourceDirectory E:\saran\revision\src\main\resources
2019-10-21 22:37:32,931 [Worker-22: Building workspace] INFO  o.e.m.c.i.embedder.EclipseLogger - Using 'UTF-8' encoding to copy filtered resources.
2019-10-21 22:37:32,931 [Worker-22: Building workspace] INFO  o.e.m.c.i.embedder.EclipseLogger - skip non existing resourceDirectory E:\saran\revision\src\test\resources
2019-10-21 22:39:06,809 [Worker-21: Building workspace] INFO  o.e.m.c.i.embedder.EclipseLogger - Using 'UTF-8' encoding to copy filtered resources.
2019-10-21 22:39:06,825 [Worker-21: Building workspace] INFO  o.e.m.c.i.embedder.EclipseLogger - skip non existing resourceDirectory E:\saran\revision\src\main\resources
2019-10-21 22:39:06,825 [Worker-21: Building workspace] INFO  o.e.m.c.i.embedder.EclipseLogger - Using 'UTF-8' encoding to copy filtered resources.
2019-10-21 22:39:06,825 [Worker-21: Building workspace] INFO  o.e.m.c.i.embedder.EclipseLogger - skip non existing resourceDirectory E:\saran\revision\src\test\resources
2019-10-21 22:50:12,107 [Worker-27: Building workspace] INFO  o.e.m.c.i.embedder.EclipseLogger - Using 'UTF-8' encoding to copy filtered resources.
2019-10-21 22:50:12,107 [Worker-27: Building workspace] INFO  o.e.m.c.i.embedder.EclipseLogger - skip non existing resourceDirectory E:\saran\revision\src\main\resources
2019-10-21 22:50:12,107 [Worker-27: Building workspace] INFO  o.e.m.c.i.embedder.EclipseLogger - Using 'UTF-8' encoding to copy filtered resources.
2019-10-21 22:50:12,107 [Worker-27: Building workspace] INFO  o.e.m.c.i.embedder.EclipseLogger - skip non existing resourceDirectory E:\saran\revision\src\test\resources
2019-10-21 23:09:43,674 [Worker-31: Building workspace] INFO  o.e.m.c.i.embedder.EclipseLogger - Using 'UTF-8' encoding to copy filtered resources.
2019-10-21 23:09:43,674 [Worker-31: Building workspace] INFO  o.e.m.c.i.embedder.EclipseLogger - skip non existing resourceDirectory E:\saran\revision\src\main\resources
2019-10-21 23:09:43,674 [Worker-31: Building workspace] INFO  o.e.m.c.i.embedder.EclipseLogger - Using 'UTF-8' encoding to copy filtered resources.
2019-10-21 23:09:43,674 [Worker-31: Building workspace] INFO  o.e.m.c.i.embedder.EclipseLogger - skip non existing resourceDirectory E:\saran\revision\src\test\resources
2019-10-21 23:10:07,256 [Worker-33: Building workspace] INFO  o.e.m.c.i.embedder.EclipseLogger - Using 'UTF-8' encoding to copy filtered resources.
2019-10-21 23:10:07,256 [Worker-33: Building workspace] INFO  o.e.m.c.i.embedder.EclipseLogger - skip non existing resourceDirectory E:\saran\revision\src\main\resources
2019-10-21 23:10:07,272 [Worker-33: Building workspace] INFO  o.e.m.c.i.embedder.EclipseLogger - Using 'UTF-8' encoding to copy filtered resources.
2019-10-21 23:10:07,272 [Worker-33: Building workspace] INFO  o.e.m.c.i.embedder.EclipseLogger - skip non existing resourceDirectory E:\saran\revision\src\test\resources
2019-10-21 23:11:16,262 [Worker-31: Building workspace] INFO  o.e.m.c.i.embedder.EclipseLogger - Using 'UTF-8' encoding to copy filtered resources.
2019-10-21 23:11:16,277 [Worker-31: Building workspace] INFO  o.e.m.c.i.embedder.EclipseLogger - skip non existing resourceDirectory E:\saran\revision\src\main\resources
2019-10-21 23:11:16,277 [Worker-31: Building workspace] INFO  o.e.m.c.i.embedder.EclipseLogger - Using 'UTF-8' encoding to copy filtered resources.
2019-10-21 23:11:16,277 [Worker-31: Building workspace] INFO  o.e.m.c.i.embedder.EclipseLogger - skip non existing resourceDirectory E:\saran\revision\src\test\resources
2019-10-21 23:15:23,654 [Worker-28: Building workspace] INFO  o.e.m.c.i.embedder.EclipseLogger - Using 'UTF-8' encoding to copy filtered resources.
2019-10-21 23:15:23,654 [Worker-28: Building workspace] INFO  o.e.m.c.i.embedder.EclipseLogger - skip non existing resourceDirectory E:\saran\revision\src\main\resources
2019-10-21 23:15:23,659 [Worker-28: Building workspace] INFO  o.e.m.c.i.embedder.EclipseLogger - Using 'UTF-8' encoding to copy filtered resources.
2019-10-21 23:15:23,659 [Worker-28: Building workspace] INFO  o.e.m.c.i.embedder.EclipseLogger - skip non existing resourceDirectory E:\saran\revision\src\test\resources
2019-10-21 23:17:05,456 [Worker-34: Building workspace] INFO  o.e.m.c.i.embedder.EclipseLogger - Using 'UTF-8' encoding to copy filtered resources.
2019-10-21 23:17:05,457 [Worker-34: Building workspace] INFO  o.e.m.c.i.embedder.EclipseLogger - skip non existing resourceDirectory E:\saran\revision\src\main\resources
2019-10-21 23:17:05,459 [Worker-34: Building workspace] INFO  o.e.m.c.i.embedder.EclipseLogger - Using 'UTF-8' encoding to copy filtered resources.
2019-10-21 23:17:05,460 [Worker-34: Building workspace] INFO  o.e.m.c.i.embedder.EclipseLogger - skip non existing resourceDirectory E:\saran\revision\src\test\resources
2019-10-21 23:17:16,497 [Worker-32: Building workspace] INFO  o.e.m.c.i.embedder.EclipseLogger - Using 'UTF-8' encoding to copy filtered resources.
2019-10-21 23:17:16,497 [Worker-32: Building workspace] INFO  o.e.m.c.i.embedder.EclipseLogger - skip non existing resourceDirectory E:\saran\revision\src\main\resources
2019-10-21 23:17:16,500 [Worker-32: Building workspace] INFO  o.e.m.c.i.embedder.EclipseLogger - Using 'UTF-8' encoding to copy filtered resources.
2019-10-21 23:17:16,500 [Worker-32: Building workspace] INFO  o.e.m.c.i.embedder.EclipseLogger - skip non existing resourceDirectory E:\saran\revision\src\test\resources
2019-10-21 23:17:22,786 [Worker-35: Building workspace] INFO  o.e.m.c.i.embedder.EclipseLogger - Using 'UTF-8' encoding to copy filtered resources.
2019-10-21 23:17:22,786 [Worker-35: Building workspace] INFO  o.e.m.c.i.embedder.EclipseLogger - skip non existing resourceDirectory E:\saran\revision\src\main\resources
2019-10-21 23:17:22,790 [Worker-35: Building workspace] INFO  o.e.m.c.i.embedder.EclipseLogger - Using 'UTF-8' encoding to copy filtered resources.
2019-10-21 23:17:22,791 [Worker-35: Building workspace] INFO  o.e.m.c.i.embedder.EclipseLogger - skip non existing resourceDirectory E:\saran\revision\src\test\resources
2019-10-21 23:18:08,684 [Worker-28: Building workspace] INFO  o.e.m.c.i.embedder.EclipseLogger - Using 'UTF-8' encoding to copy filtered resources.
2019-10-21 23:18:08,685 [Worker-28: Building workspace] INFO  o.e.m.c.i.embedder.EclipseLogger - skip non existing resourceDirectory E:\saran\revision\src\main\resources
2019-10-21 23:18:08,687 [Worker-28: Building workspace] INFO  o.e.m.c.i.embedder.EclipseLogger - Using 'UTF-8' encoding to copy filtered resources.
2019-10-21 23:18:08,688 [Worker-28: Building workspace] INFO  o.e.m.c.i.embedder.EclipseLogger - skip non existing resourceDirectory E:\saran\revision\src\test\resources
2019-10-21 23:20:17,502 [Worker-35: Building workspace] INFO  o.e.m.c.i.embedder.EclipseLogger - Using 'UTF-8' encoding to copy filtered resources.
2019-10-21 23:20:17,503 [Worker-35: Building workspace] INFO  o.e.m.c.i.embedder.EclipseLogger - skip non existing resourceDirectory E:\saran\revision\src\main\resources
2019-10-21 23:20:17,511 [Worker-35: Building workspace] INFO  o.e.m.c.i.embedder.EclipseLogger - Using 'UTF-8' encoding to copy filtered resources.
2019-10-21 23:20:17,511 [Worker-35: Building workspace] INFO  o.e.m.c.i.embedder.EclipseLogger - skip non existing resourceDirectory E:\saran\revision\src\test\resources
2019-10-21 23:23:12,658 [Worker-35: Launching Run] INFO  o.e.m.c.i.l.LifecycleMappingFactory - Using org.eclipse.m2e.jdt.JarLifecycleMapping lifecycle mapping for MavenProject: cvs.all:revision:0.0.1-SNAPSHOT @ E:\saran\revision\pom.xml.
2019-10-21 23:23:14,605 [Worker-35: Launching Run] INFO  o.e.m.c.i.embedder.EclipseLogger - Using 'UTF-8' encoding to copy filtered resources.
2019-10-21 23:23:14,605 [Worker-35: Launching Run] INFO  o.e.m.c.i.embedder.EclipseLogger - skip non existing resourceDirectory E:\saran\revision\src\main\resources
2019-10-21 23:23:14,607 [Worker-35: Launching Run] INFO  o.e.m.c.i.embedder.EclipseLogger - Using 'UTF-8' encoding to copy filtered resources.
2019-10-21 23:23:14,608 [Worker-35: Launching Run] INFO  o.e.m.c.i.embedder.EclipseLogger - skip non existing resourceDirectory E:\saran\revision\src\test\resources
2019-10-21 23:34:19,078 [Worker-37: Launching Run] INFO  o.e.m.c.i.embedder.EclipseLogger - Using 'UTF-8' encoding to copy filtered resources.
2019-10-21 23:34:19,078 [Worker-37: Launching Run] INFO  o.e.m.c.i.embedder.EclipseLogger - skip non existing resourceDirectory E:\saran\revision\src\main\resources
2019-10-21 23:34:19,080 [Worker-37: Launching Run] INFO  o.e.m.c.i.embedder.EclipseLogger - Using 'UTF-8' encoding to copy filtered resources.
2019-10-21 23:34:19,081 [Worker-37: Launching Run] INFO  o.e.m.c.i.embedder.EclipseLogger - skip non existing resourceDirectory E:\saran\revision\src\test\resources
2019-10-21 23:36:27,140 [Worker-37: Launching Run] INFO  o.e.m.c.i.embedder.EclipseLogger - Using 'UTF-8' encoding to copy filtered resources.
2019-10-21 23:36:27,141 [Worker-37: Launching Run] INFO  o.e.m.c.i.embedder.EclipseLogger - skip non existing resourceDirectory E:\saran\revision\src\main\resources
2019-10-21 23:36:27,142 [Worker-37: Launching Run] INFO  o.e.m.c.i.embedder.EclipseLogger - Using 'UTF-8' encoding to copy filtered resources.
2019-10-21 23:36:27,142 [Worker-37: Launching Run] INFO  o.e.m.c.i.embedder.EclipseLogger - skip non existing resourceDirectory E:\saran\revision\src\test\resources
2019-10-21 23:44:51,379 [Worker-39: Building workspace] INFO  o.e.m.c.i.embedder.EclipseLogger - Using 'UTF-8' encoding to copy filtered resources.
2019-10-21 23:44:51,379 [Worker-39: Building workspace] INFO  o.e.m.c.i.embedder.EclipseLogger - skip non existing resourceDirectory E:\saran\revision\src\main\resources
2019-10-21 23:44:51,381 [Worker-39: Building workspace] INFO  o.e.m.c.i.embedder.EclipseLogger - Using 'UTF-8' encoding to copy filtered resources.
2019-10-21 23:44:51,381 [Worker-39: Building workspace] INFO  o.e.m.c.i.embedder.EclipseLogger - skip non existing resourceDirectory E:\saran\revision\src\test\resources
2019-10-22 00:18:26,900 [Worker-57: Launching Run] INFO  o.e.m.c.i.embedder.EclipseLogger - Using 'UTF-8' encoding to copy filtered resources.
2019-10-22 00:18:26,901 [Worker-57: Launching Run] INFO  o.e.m.c.i.embedder.EclipseLogger - skip non existing resourceDirectory E:\saran\revision\src\main\resources
2019-10-22 00:18:26,903 [Worker-57: Launching Run] INFO  o.e.m.c.i.embedder.EclipseLogger - Using 'UTF-8' encoding to copy filtered resources.
2019-10-22 00:18:26,904 [Worker-57: Launching Run] INFO  o.e.m.c.i.embedder.EclipseLogger - skip non existing resourceDirectory E:\saran\revision\src\test\resources
2019-10-22 00:19:14,862 [Worker-60: Launching Run] INFO  o.e.m.c.i.embedder.EclipseLogger - Using 'UTF-8' encoding to copy filtered resources.
2019-10-22 00:19:14,862 [Worker-60: Launching Run] INFO  o.e.m.c.i.embedder.EclipseLogger - skip non existing resourceDirectory E:\saran\revision\src\main\resources
2019-10-22 00:19:14,862 [Worker-60: Launching Run] INFO  o.e.m.c.i.embedder.EclipseLogger - Using 'UTF-8' encoding to copy filtered resources.
2019-10-22 00:19:14,862 [Worker-60: Launching Run] INFO  o.e.m.c.i.embedder.EclipseLogger - skip non existing resourceDirectory E:\saran\revision\src\test\resources
2019-10-22 00:20:29,580 [Worker-56: Building workspace] INFO  o.e.m.c.i.embedder.EclipseLogger - Using 'UTF-8' encoding to copy filtered resources.
2019-10-22 00:20:29,595 [Worker-56: Building workspace] INFO  o.e.m.c.i.embedder.EclipseLogger - skip non existing resourceDirectory E:\saran\revision\src\main\resources
2019-10-22 00:20:29,595 [Worker-56: Building workspace] INFO  o.e.m.c.i.embedder.EclipseLogger - Using 'UTF-8' encoding to copy filtered resources.
2019-10-22 00:20:29,595 [Worker-56: Building workspace] INFO  o.e.m.c.i.embedder.EclipseLogger - skip non existing resourceDirectory E:\saran\revision\src\test\resources
2019-10-22 08:02:28,465 [Worker-73: Launching Run] INFO  o.e.m.c.i.embedder.EclipseLogger - Using 'UTF-8' encoding to copy filtered resources.
2019-10-22 08:02:28,466 [Worker-73: Launching Run] INFO  o.e.m.c.i.embedder.EclipseLogger - skip non existing resourceDirectory E:\saran\revision\src\main\resources
2019-10-22 08:02:28,468 [Worker-73: Launching Run] INFO  o.e.m.c.i.embedder.EclipseLogger - Using 'UTF-8' encoding to copy filtered resources.
2019-10-22 08:02:28,468 [Worker-73: Launching Run] INFO  o.e.m.c.i.embedder.EclipseLogger - skip non existing resourceDirectory E:\saran\revision\src\test\resources
2019-10-22 12:36:03,854 [Worker-79: Launching Run.login] INFO  o.e.m.c.i.embedder.EclipseLogger - Using 'UTF-8' encoding to copy filtered resources.
2019-10-22 12:36:03,854 [Worker-79: Launching Run.login] INFO  o.e.m.c.i.embedder.EclipseLogger - skip non existing resourceDirectory E:\saran\revision\src\main\resources
2019-10-22 12:36:03,858 [Worker-79: Launching Run.login] INFO  o.e.m.c.i.embedder.EclipseLogger - Using 'UTF-8' encoding to copy filtered resources.
2019-10-22 12:36:03,858 [Worker-79: Launching Run.login] INFO  o.e.m.c.i.embedder.EclipseLogger - skip non existing resourceDirectory E:\saran\revision\src\test\resources
2019-10-22 12:37:15,160 [Worker-79: Launching Run] INFO  o.e.m.c.i.embedder.EclipseLogger - Using 'UTF-8' encoding to copy filtered resources.
2019-10-22 12:37:15,160 [Worker-79: Launching Run] INFO  o.e.m.c.i.embedder.EclipseLogger - skip non existing resourceDirectory E:\saran\revision\src\main\resources
2019-10-22 12:37:15,164 [Worker-79: Launching Run] INFO  o.e.m.c.i.embedder.EclipseLogger - Using 'UTF-8' encoding to copy filtered resources.
2019-10-22 12:37:15,164 [Worker-79: Launching Run] INFO  o.e.m.c.i.embedder.EclipseLogger - skip non existing resourceDirectory E:\saran\revision\src\test\resources
2019-10-22 12:39:39,581 [Worker-80: Launching Run] INFO  o.e.m.c.i.embedder.EclipseLogger - Using 'UTF-8' encoding to copy filtered resources.
2019-10-22 12:39:39,581 [Worker-80: Launching Run] INFO  o.e.m.c.i.embedder.EclipseLogger - skip non existing resourceDirectory E:\saran\revision\src\main\resources
2019-10-22 12:39:39,585 [Worker-80: Launching Run] INFO  o.e.m.c.i.embedder.EclipseLogger - Using 'UTF-8' encoding to copy filtered resources.
2019-10-22 12:39:39,585 [Worker-80: Launching Run] INFO  o.e.m.c.i.embedder.EclipseLogger - skip non existing resourceDirectory E:\saran\revision\src\test\resources
2019-10-22 12:49:00,692 [Worker-84: Building workspace] INFO  o.e.m.c.i.embedder.EclipseLogger - Using 'UTF-8' encoding to copy filtered resources.
2019-10-22 12:49:00,692 [Worker-84: Building workspace] INFO  o.e.m.c.i.embedder.EclipseLogger - skip non existing resourceDirectory E:\saran\revision\src\main\resources
2019-10-22 12:49:00,692 [Worker-84: Building workspace] INFO  o.e.m.c.i.embedder.EclipseLogger - Using 'UTF-8' encoding to copy filtered resources.
2019-10-22 12:49:00,692 [Worker-84: Building workspace] INFO  o.e.m.c.i.embedder.EclipseLogger - skip non existing resourceDirectory E:\saran\revision\src\test\resources
2019-10-22 13:02:50,782 [Worker-92: Building workspace] INFO  o.e.m.c.i.embedder.EclipseLogger - Using 'UTF-8' encoding to copy filtered resources.
2019-10-22 13:02:50,782 [Worker-92: Building workspace] INFO  o.e.m.c.i.embedder.EclipseLogger - skip non existing resourceDirectory E:\saran\revision\src\main\resources
2019-10-22 13:02:50,782 [Worker-92: Building workspace] INFO  o.e.m.c.i.embedder.EclipseLogger - Using 'UTF-8' encoding to copy filtered resources.
2019-10-22 13:02:50,782 [Worker-92: Building workspace] INFO  o.e.m.c.i.embedder.EclipseLogger - skip non existing resourceDirectory E:\saran\revision\src\test\resources
2019-10-22 13:15:43,750 [Worker-92: Building workspace] INFO  o.e.m.c.i.embedder.EclipseLogger - Using 'UTF-8' encoding to copy filtered resources.
2019-10-22 13:15:43,750 [Worker-92: Building workspace] INFO  o.e.m.c.i.embedder.EclipseLogger - skip non existing resourceDirectory E:\saran\revision\src\main\resources
2019-10-22 13:15:43,750 [Worker-92: Building workspace] INFO  o.e.m.c.i.embedder.EclipseLogger - Using 'UTF-8' encoding to copy filtered resources.
2019-10-22 13:15:43,750 [Worker-92: Building workspace] INFO  o.e.m.c.i.embedder.EclipseLogger - skip non existing resourceDirectory E:\saran\revision\src\test\resources
2019-10-22 13:17:38,222 [Worker-92: Building workspace] INFO  o.e.m.c.i.embedder.EclipseLogger - Using 'UTF-8' encoding to copy filtered resources.
2019-10-22 13:17:38,222 [Worker-92: Building workspace] INFO  o.e.m.c.i.embedder.EclipseLogger - skip non existing resourceDirectory E:\saran\revision\src\main\resources
2019-10-22 13:17:38,222 [Worker-92: Building workspace] INFO  o.e.m.c.i.embedder.EclipseLogger - Using 'UTF-8' encoding to copy filtered resources.
2019-10-22 13:17:38,222 [Worker-92: Building workspace] INFO  o.e.m.c.i.embedder.EclipseLogger - skip non existing resourceDirectory E:\saran\revision\src\test\resources
2019-10-22 13:22:07,113 [Worker-101: Building workspace] INFO  o.e.m.c.i.embedder.EclipseLogger - Using 'UTF-8' encoding to copy filtered resources.
2019-10-22 13:22:07,113 [Worker-101: Building workspace] INFO  o.e.m.c.i.embedder.EclipseLogger - skip non existing resourceDirectory E:\saran\revision\src\main\resources
2019-10-22 13:22:07,113 [Worker-101: Building workspace] INFO  o.e.m.c.i.embedder.EclipseLogger - Using 'UTF-8' encoding to copy filtered resources.
2019-10-22 13:22:07,113 [Worker-101: Building workspace] INFO  o.e.m.c.i.embedder.EclipseLogger - skip non existing resourceDirectory E:\saran\revision\src\test\resources
2019-10-22 13:27:32,671 [Worker-97: Building workspace] INFO  o.e.m.c.i.embedder.EclipseLogger - Using 'UTF-8' encoding to copy filtered resources.
2019-10-22 13:27:32,671 [Worker-97: Building workspace] INFO  o.e.m.c.i.embedder.EclipseLogger - skip non existing resourceDirectory E:\saran\revision\src\main\resources
2019-10-22 13:27:32,671 [Worker-97: Building workspace] INFO  o.e.m.c.i.embedder.EclipseLogger - Using 'UTF-8' encoding to copy filtered resources.
2019-10-22 13:27:32,671 [Worker-97: Building workspace] INFO  o.e.m.c.i.embedder.EclipseLogger - skip non existing resourceDirectory E:\saran\revision\src\test\resources
2019-10-22 13:29:17,797 [Worker-95: Building workspace] INFO  o.e.m.c.i.embedder.EclipseLogger - Using 'UTF-8' encoding to copy filtered resources.
2019-10-22 13:29:17,797 [Worker-95: Building workspace] INFO  o.e.m.c.i.embedder.EclipseLogger - skip non existing resourceDirectory E:\saran\revision\src\main\resources
2019-10-22 13:29:17,797 [Worker-95: Building workspace] INFO  o.e.m.c.i.embedder.EclipseLogger - Using 'UTF-8' encoding to copy filtered resources.
2019-10-22 13:29:17,797 [Worker-95: Building workspace] INFO  o.e.m.c.i.embedder.EclipseLogger - skip non existing resourceDirectory E:\saran\revision\src\test\resources
2019-10-22 13:29:21,485 [Worker-97: Building workspace] INFO  o.e.m.c.i.embedder.EclipseLogger - Using 'UTF-8' encoding to copy filtered resources.
2019-10-22 13:29:21,485 [Worker-97: Building workspace] INFO  o.e.m.c.i.embedder.EclipseLogger - skip non existing resourceDirectory E:\saran\revision\src\main\resources
2019-10-22 13:29:21,485 [Worker-97: Building workspace] INFO  o.e.m.c.i.embedder.EclipseLogger - Using 'UTF-8' encoding to copy filtered resources.
2019-10-22 13:29:21,485 [Worker-97: Building workspace] INFO  o.e.m.c.i.embedder.EclipseLogger - skip non existing resourceDirectory E:\saran\revision\src\test\resources
2019-10-22 13:31:12,141 [Worker-92: Launching Run] INFO  o.e.m.c.i.embedder.EclipseLogger - Using 'UTF-8' encoding to copy filtered resources.
2019-10-22 13:31:12,141 [Worker-92: Launching Run] INFO  o.e.m.c.i.embedder.EclipseLogger - skip non existing resourceDirectory E:\saran\revision\src\main\resources
2019-10-22 13:31:12,141 [Worker-92: Launching Run] INFO  o.e.m.c.i.embedder.EclipseLogger - Using 'UTF-8' encoding to copy filtered resources.
2019-10-22 13:31:12,141 [Worker-92: Launching Run] INFO  o.e.m.c.i.embedder.EclipseLogger - skip non existing resourceDirectory E:\saran\revision\src\test\resources
2019-10-22 13:32:23,008 [Worker-97: Launching Run] INFO  o.e.m.c.i.embedder.EclipseLogger - Using 'UTF-8' encoding to copy filtered resources.
2019-10-22 13:32:23,008 [Worker-97: Launching Run] INFO  o.e.m.c.i.embedder.EclipseLogger - skip non existing resourceDirectory E:\saran\revision\src\main\resources
2019-10-22 13:32:23,023 [Worker-97: Launching Run] INFO  o.e.m.c.i.embedder.EclipseLogger - Using 'UTF-8' encoding to copy filtered resources.
2019-10-22 13:32:23,023 [Worker-97: Launching Run] INFO  o.e.m.c.i.embedder.EclipseLogger - skip non existing resourceDirectory E:\saran\revision\src\test\resources
2019-10-22 13:37:24,839 [Worker-92: Launching Run] INFO  o.e.m.c.i.embedder.EclipseLogger - Using 'UTF-8' encoding to copy filtered resources.
2019-10-22 13:37:24,839 [Worker-92: Launching Run] INFO  o.e.m.c.i.embedder.EclipseLogger - skip non existing resourceDirectory E:\saran\revision\src\main\resources
2019-10-22 13:37:24,839 [Worker-92: Launching Run] INFO  o.e.m.c.i.embedder.EclipseLogger - Using 'UTF-8' encoding to copy filtered resources.
2019-10-22 13:37:24,839 [Worker-92: Launching Run] INFO  o.e.m.c.i.embedder.EclipseLogger - skip non existing resourceDirectory E:\saran\revision\src\test\resources
2019-10-22 13:38:22,920 [Worker-101: Launching Run] INFO  o.e.m.c.i.embedder.EclipseLogger - Using 'UTF-8' encoding to copy filtered resources.
2019-10-22 13:38:22,920 [Worker-101: Launching Run] INFO  o.e.m.c.i.embedder.EclipseLogger - skip non existing resourceDirectory E:\saran\revision\src\main\resources
2019-10-22 13:38:22,920 [Worker-101: Launching Run] INFO  o.e.m.c.i.embedder.EclipseLogger - Using 'UTF-8' encoding to copy filtered resources.
2019-10-22 13:38:22,920 [Worker-101: Launching Run] INFO  o.e.m.c.i.embedder.EclipseLogger - skip non existing resourceDirectory E:\saran\revision\src\test\resources
2019-10-22 13:43:35,636 [Worker-92: Launching Run] INFO  o.e.m.c.i.embedder.EclipseLogger - Using 'UTF-8' encoding to copy filtered resources.
2019-10-22 13:43:35,636 [Worker-92: Launching Run] INFO  o.e.m.c.i.embedder.EclipseLogger - skip non existing resourceDirectory E:\saran\revision\src\main\resources
2019-10-22 13:43:35,652 [Worker-92: Launching Run] INFO  o.e.m.c.i.embedder.EclipseLogger - Using 'UTF-8' encoding to copy filtered resources.
2019-10-22 13:43:35,652 [Worker-92: Launching Run] INFO  o.e.m.c.i.embedder.EclipseLogger - skip non existing resourceDirectory E:\saran\revision\src\test\resources
2019-10-22 14:08:21,803 [Worker-108: Launching Run] INFO  o.e.m.c.i.embedder.EclipseLogger - Using 'UTF-8' encoding to copy filtered resources.
2019-10-22 14:08:21,803 [Worker-108: Launching Run] INFO  o.e.m.c.i.embedder.EclipseLogger - skip non existing resourceDirectory E:\saran\revision\src\main\resources
2019-10-22 14:08:21,803 [Worker-108: Launching Run] INFO  o.e.m.c.i.embedder.EclipseLogger - Using 'UTF-8' encoding to copy filtered resources.
2019-10-22 14:08:21,803 [Worker-108: Launching Run] INFO  o.e.m.c.i.embedder.EclipseLogger - skip non existing resourceDirectory E:\saran\revision\src\test\resources
2019-10-22 14:09:38,788 [Worker-110: Launching Run] INFO  o.e.m.c.i.embedder.EclipseLogger - Using 'UTF-8' encoding to copy filtered resources.
2019-10-22 14:09:38,788 [Worker-110: Launching Run] INFO  o.e.m.c.i.embedder.EclipseLogger - skip non existing resourceDirectory E:\saran\revision\src\main\resources
2019-10-22 14:09:38,788 [Worker-110: Launching Run] INFO  o.e.m.c.i.embedder.EclipseLogger - Using 'UTF-8' encoding to copy filtered resources.
2019-10-22 14:09:38,788 [Worker-110: Launching Run] INFO  o.e.m.c.i.embedder.EclipseLogger - skip non existing resourceDirectory E:\saran\revision\src\test\resources
2019-10-22 14:19:36,319 [Worker-119: Building workspace] INFO  o.e.m.c.i.embedder.EclipseLogger - Using 'UTF-8' encoding to copy filtered resources.
2019-10-22 14:19:36,323 [Worker-119: Building workspace] INFO  o.e.m.c.i.embedder.EclipseLogger - skip non existing resourceDirectory E:\saran\revision\src\main\resources
2019-10-22 14:19:36,323 [Worker-119: Building workspace] INFO  o.e.m.c.i.embedder.EclipseLogger - Using 'UTF-8' encoding to copy filtered resources.
2019-10-22 14:19:36,323 [Worker-119: Building workspace] INFO  o.e.m.c.i.embedder.EclipseLogger - skip non existing resourceDirectory E:\saran\revision\src\test\resources
2019-10-22 14:19:39,110 [Worker-116: Launching Run] INFO  o.e.m.c.i.embedder.EclipseLogger - Using 'UTF-8' encoding to copy filtered resources.
2019-10-22 14:19:39,110 [Worker-116: Launching Run] INFO  o.e.m.c.i.embedder.EclipseLogger - skip non existing resourceDirectory E:\saran\revision\src\main\resources
2019-10-22 14:19:39,114 [Worker-116: Launching Run] INFO  o.e.m.c.i.embedder.EclipseLogger - Using 'UTF-8' encoding to copy filtered resources.
2019-10-22 14:19:39,114 [Worker-116: Launching Run] INFO  o.e.m.c.i.embedder.EclipseLogger - skip non existing resourceDirectory E:\saran\revision\src\test\resources
2019-10-22 14:22:54,961 [Worker-117: Launching Run] INFO  o.e.m.c.i.embedder.EclipseLogger - Using 'UTF-8' encoding to copy filtered resources.
2019-10-22 14:22:54,961 [Worker-117: Launching Run] INFO  o.e.m.c.i.embedder.EclipseLogger - skip non existing resourceDirectory E:\saran\revision\src\main\resources
2019-10-22 14:22:54,965 [Worker-117: Launching Run] INFO  o.e.m.c.i.embedder.EclipseLogger - Using 'UTF-8' encoding to copy filtered resources.
2019-10-22 14:22:54,965 [Worker-117: Launching Run] INFO  o.e.m.c.i.embedder.EclipseLogger - skip non existing resourceDirectory E:\saran\revision\src\test\resources
2019-10-22 14:27:50,820 [Worker-122: Launching Run] INFO  o.e.m.c.i.embedder.EclipseLogger - Using 'UTF-8' encoding to copy filtered resources.
2019-10-22 14:27:50,820 [Worker-122: Launching Run] INFO  o.e.m.c.i.embedder.EclipseLogger - skip non existing resourceDirectory E:\saran\revision\src\main\resources
2019-10-22 14:27:50,820 [Worker-122: Launching Run] INFO  o.e.m.c.i.embedder.EclipseLogger - Using 'UTF-8' encoding to copy filtered resources.
2019-10-22 14:27:50,820 [Worker-122: Launching Run] INFO  o.e.m.c.i.embedder.EclipseLogger - skip non existing resourceDirectory E:\saran\revision\src\test\resources
2019-10-22 14:29:15,947 [Worker-117: Launching Run] INFO  o.e.m.c.i.embedder.EclipseLogger - Using 'UTF-8' encoding to copy filtered resources.
2019-10-22 14:29:15,951 [Worker-117: Launching Run] INFO  o.e.m.c.i.embedder.EclipseLogger - skip non existing resourceDirectory E:\saran\revision\src\main\resources
2019-10-22 14:29:15,951 [Worker-117: Launching Run] INFO  o.e.m.c.i.embedder.EclipseLogger - Using 'UTF-8' encoding to copy filtered resources.
2019-10-22 14:29:15,951 [Worker-117: Launching Run] INFO  o.e.m.c.i.embedder.EclipseLogger - skip non existing resourceDirectory E:\saran\revision\src\test\resources
2019-10-22 14:32:07,348 [Worker-124: Launching Run] INFO  o.e.m.c.i.embedder.EclipseLogger - Using 'UTF-8' encoding to copy filtered resources.
2019-10-22 14:32:07,362 [Worker-124: Launching Run] INFO  o.e.m.c.i.embedder.EclipseLogger - skip non existing resourceDirectory E:\saran\revision\src\main\resources
2019-10-22 14:32:07,365 [Worker-124: Launching Run] INFO  o.e.m.c.i.embedder.EclipseLogger - Using 'UTF-8' encoding to copy filtered resources.
2019-10-22 14:32:07,365 [Worker-124: Launching Run] INFO  o.e.m.c.i.embedder.EclipseLogger - skip non existing resourceDirectory E:\saran\revision\src\test\resources
2019-10-22 22:15:40,084 [Worker-144: Building workspace] INFO  o.e.m.c.i.embedder.EclipseLogger - Using 'UTF-8' encoding to copy filtered resources.
2019-10-22 22:15:40,179 [Worker-144: Building workspace] INFO  o.e.m.c.i.embedder.EclipseLogger - skip non existing resourceDirectory E:\saran\revision\src\main\resources
2019-10-22 22:15:40,193 [Worker-144: Building workspace] INFO  o.e.m.c.i.embedder.EclipseLogger - Using 'UTF-8' encoding to copy filtered resources.
2019-10-22 22:15:40,194 [Worker-144: Building workspace] INFO  o.e.m.c.i.embedder.EclipseLogger - skip non existing resourceDirectory E:\saran\revision\src\test\resources
2019-10-22 22:15:41,502 [Worker-137: Building workspace] INFO  o.e.m.c.i.embedder.EclipseLogger - Using 'UTF-8' encoding to copy filtered resources.
2019-10-22 22:15:41,502 [Worker-137: Building workspace] INFO  o.e.m.c.i.embedder.EclipseLogger - skip non existing resourceDirectory E:\saran\revision\src\main\resources
2019-10-22 22:15:41,505 [Worker-137: Building workspace] INFO  o.e.m.c.i.embedder.EclipseLogger - Using 'UTF-8' encoding to copy filtered resources.
2019-10-22 22:15:41,505 [Worker-137: Building workspace] INFO  o.e.m.c.i.embedder.EclipseLogger - skip non existing resourceDirectory E:\saran\revision\src\test\resources
2019-10-22 22:18:16,263 [Worker-136: Building workspace] INFO  o.e.m.c.i.embedder.EclipseLogger - Using 'UTF-8' encoding to copy filtered resources.
2019-10-22 22:18:16,263 [Worker-136: Building workspace] INFO  o.e.m.c.i.embedder.EclipseLogger - skip non existing resourceDirectory E:\saran\revision\src\main\resources
2019-10-22 22:18:16,264 [Worker-136: Building workspace] INFO  o.e.m.c.i.embedder.EclipseLogger - Using 'UTF-8' encoding to copy filtered resources.
2019-10-22 22:18:16,265 [Worker-136: Building workspace] INFO  o.e.m.c.i.embedder.EclipseLogger - skip non existing resourceDirectory E:\saran\revision\src\test\resources
2019-10-22 22:19:07,760 [Worker-134: Building workspace] INFO  o.e.m.c.i.embedder.EclipseLogger - Using 'UTF-8' encoding to copy filtered resources.
2019-10-22 22:19:07,760 [Worker-134: Building workspace] INFO  o.e.m.c.i.embedder.EclipseLogger - skip non existing resourceDirectory E:\saran\revision\src\main\resources
2019-10-22 22:19:07,762 [Worker-134: Building workspace] INFO  o.e.m.c.i.embedder.EclipseLogger - Using 'UTF-8' encoding to copy filtered resources.
2019-10-22 22:19:07,762 [Worker-134: Building workspace] INFO  o.e.m.c.i.embedder.EclipseLogger - skip non existing resourceDirectory E:\saran\revision\src\test\resources
2019-10-22 22:27:01,936 [Worker-148: Launching Run] INFO  o.e.m.c.i.embedder.EclipseLogger - Using 'UTF-8' encoding to copy filtered resources.
2019-10-22 22:27:01,936 [Worker-148: Launching Run] INFO  o.e.m.c.i.embedder.EclipseLogger - skip non existing resourceDirectory E:\saran\revision\src\main\resources
2019-10-22 22:27:01,950 [Worker-148: Launching Run] INFO  o.e.m.c.i.embedder.EclipseLogger - Using 'UTF-8' encoding to copy filtered resources.
2019-10-22 22:27:01,951 [Worker-148: Launching Run] INFO  o.e.m.c.i.embedder.EclipseLogger - skip non existing resourceDirectory E:\saran\revision\src\test\resources
2019-10-22 22:32:30,247 [Worker-153: Building workspace] INFO  o.e.m.c.i.embedder.EclipseLogger - Using 'UTF-8' encoding to copy filtered resources.
2019-10-22 22:32:30,247 [Worker-153: Building workspace] INFO  o.e.m.c.i.embedder.EclipseLogger - skip non existing resourceDirectory E:\saran\revision\src\main\resources
2019-10-22 22:32:30,249 [Worker-153: Building workspace] INFO  o.e.m.c.i.embedder.EclipseLogger - Using 'UTF-8' encoding to copy filtered resources.
2019-10-22 22:32:30,249 [Worker-153: Building workspace] INFO  o.e.m.c.i.embedder.EclipseLogger - skip non existing resourceDirectory E:\saran\revision\src\test\resources
2019-10-22 22:35:12,315 [Worker-157: Launching Run] INFO  o.e.m.c.i.embedder.EclipseLogger - Using 'UTF-8' encoding to copy filtered resources.
2019-10-22 22:35:12,316 [Worker-157: Launching Run] INFO  o.e.m.c.i.embedder.EclipseLogger - skip non existing resourceDirectory E:\saran\revision\src\main\resources
2019-10-22 22:35:12,318 [Worker-157: Launching Run] INFO  o.e.m.c.i.embedder.EclipseLogger - Using 'UTF-8' encoding to copy filtered resources.
2019-10-22 22:35:12,318 [Worker-157: Launching Run] INFO  o.e.m.c.i.embedder.EclipseLogger - skip non existing resourceDirectory E:\saran\revision\src\test\resources
2019-10-22 22:38:03,900 [Worker-157: Launching Run] INFO  o.e.m.c.i.embedder.EclipseLogger - Using 'UTF-8' encoding to copy filtered resources.
2019-10-22 22:38:03,901 [Worker-157: Launching Run] INFO  o.e.m.c.i.embedder.EclipseLogger - skip non existing resourceDirectory E:\saran\revision\src\main\resources
2019-10-22 22:38:04,035 [Worker-157: Launching Run] INFO  o.e.m.c.i.embedder.EclipseLogger - Using 'UTF-8' encoding to copy filtered resources.
2019-10-22 22:38:04,035 [Worker-157: Launching Run] INFO  o.e.m.c.i.embedder.EclipseLogger - skip non existing resourceDirectory E:\saran\revision\src\test\resources
2019-10-22 22:38:21,421 [Worker-158: Launching Run] INFO  o.e.m.c.i.embedder.EclipseLogger - Using 'UTF-8' encoding to copy filtered resources.
2019-10-22 22:38:21,422 [Worker-158: Launching Run] INFO  o.e.m.c.i.embedder.EclipseLogger - skip non existing resourceDirectory E:\saran\revision\src\main\resources
2019-10-22 22:38:21,425 [Worker-158: Launching Run] INFO  o.e.m.c.i.embedder.EclipseLogger - Using 'UTF-8' encoding to copy filtered resources.
2019-10-22 22:38:21,425 [Worker-158: Launching Run] INFO  o.e.m.c.i.embedder.EclipseLogger - skip non existing resourceDirectory E:\saran\revision\src\test\resources
2019-10-22 22:39:23,432 [Worker-155: Launching Run] INFO  o.e.m.c.i.embedder.EclipseLogger - Using 'UTF-8' encoding to copy filtered resources.
2019-10-22 22:39:23,433 [Worker-155: Launching Run] INFO  o.e.m.c.i.embedder.EclipseLogger - skip non existing resourceDirectory E:\saran\revision\src\main\resources
2019-10-22 22:39:23,434 [Worker-155: Launching Run] INFO  o.e.m.c.i.embedder.EclipseLogger - Using 'UTF-8' encoding to copy filtered resources.
2019-10-22 22:39:23,434 [Worker-155: Launching Run] INFO  o.e.m.c.i.embedder.EclipseLogger - skip non existing resourceDirectory E:\saran\revision\src\test\resources
2019-10-22 22:40:25,828 [Worker-156: Launching Run] INFO  o.e.m.c.i.embedder.EclipseLogger - Using 'UTF-8' encoding to copy filtered resources.
2019-10-22 22:40:25,828 [Worker-156: Launching Run] INFO  o.e.m.c.i.embedder.EclipseLogger - skip non existing resourceDirectory E:\saran\revision\src\main\resources
2019-10-22 22:40:25,830 [Worker-156: Launching Run] INFO  o.e.m.c.i.embedder.EclipseLogger - Using 'UTF-8' encoding to copy filtered resources.
2019-10-22 22:40:25,830 [Worker-156: Launching Run] INFO  o.e.m.c.i.embedder.EclipseLogger - skip non existing resourceDirectory E:\saran\revision\src\test\resources
2019-10-22 22:42:12,506 [Worker-155: Launching Run] INFO  o.e.m.c.i.embedder.EclipseLogger - Using 'UTF-8' encoding to copy filtered resources.
2019-10-22 22:42:12,506 [Worker-155: Launching Run] INFO  o.e.m.c.i.embedder.EclipseLogger - skip non existing resourceDirectory E:\saran\revision\src\main\resources
2019-10-22 22:42:12,509 [Worker-155: Launching Run] INFO  o.e.m.c.i.embedder.EclipseLogger - Using 'UTF-8' encoding to copy filtered resources.
2019-10-22 22:42:12,509 [Worker-155: Launching Run] INFO  o.e.m.c.i.embedder.EclipseLogger - skip non existing resourceDirectory E:\saran\revision\src\test\resources
2019-10-22 22:51:15,718 [Worker-155: Launching Run] INFO  o.e.m.c.i.embedder.EclipseLogger - Using 'UTF-8' encoding to copy filtered resources.
2019-10-22 22:51:15,719 [Worker-155: Launching Run] INFO  o.e.m.c.i.embedder.EclipseLogger - skip non existing resourceDirectory E:\saran\revision\src\main\resources
2019-10-22 22:51:15,721 [Worker-155: Launching Run] INFO  o.e.m.c.i.embedder.EclipseLogger - Using 'UTF-8' encoding to copy filtered resources.
2019-10-22 22:51:15,721 [Worker-155: Launching Run] INFO  o.e.m.c.i.embedder.EclipseLogger - skip non existing resourceDirectory E:\saran\revision\src\test\resources
2019-10-22 23:07:57,925 [Worker-170: Launching Run] INFO  o.e.m.c.i.embedder.EclipseLogger - Using 'UTF-8' encoding to copy filtered resources.
2019-10-22 23:07:57,925 [Worker-170: Launching Run] INFO  o.e.m.c.i.embedder.EclipseLogger - skip non existing resourceDirectory E:\saran\revision\src\main\resources
2019-10-22 23:07:57,927 [Worker-170: Launching Run] INFO  o.e.m.c.i.embedder.EclipseLogger - Using 'UTF-8' encoding to copy filtered resources.
2019-10-22 23:07:57,927 [Worker-170: Launching Run] INFO  o.e.m.c.i.embedder.EclipseLogger - skip non existing resourceDirectory E:\saran\revision\src\test\resources
2019-10-22 23:20:36,837 [Worker-182: Launching Run] INFO  o.e.m.c.i.embedder.EclipseLogger - Using 'UTF-8' encoding to copy filtered resources.
2019-10-22 23:20:36,854 [Worker-182: Launching Run] INFO  o.e.m.c.i.embedder.EclipseLogger - skip non existing resourceDirectory E:\saran\revision\src\main\resources
2019-10-22 23:20:36,859 [Worker-182: Launching Run] INFO  o.e.m.c.i.embedder.EclipseLogger - Using 'UTF-8' encoding to copy filtered resources.
2019-10-22 23:20:36,859 [Worker-182: Launching Run] INFO  o.e.m.c.i.embedder.EclipseLogger - skip non existing resourceDirectory E:\saran\revision\src\test\resources
2019-10-22 23:23:35,497 [Worker-182: Building workspace] INFO  o.e.m.c.i.embedder.EclipseLogger - Using 'UTF-8' encoding to copy filtered resources.
2019-10-22 23:23:35,508 [Worker-182: Building workspace] INFO  o.e.m.c.i.embedder.EclipseLogger - skip non existing resourceDirectory E:\saran\revision\src\main\resources
2019-10-22 23:23:35,584 [Worker-182: Building workspace] INFO  o.e.m.c.i.embedder.EclipseLogger - Using 'UTF-8' encoding to copy filtered resources.
2019-10-22 23:23:35,584 [Worker-182: Building workspace] INFO  o.e.m.c.i.embedder.EclipseLogger - skip non existing resourceDirectory E:\saran\revision\src\test\resources
2019-10-22 23:26:24,545 [Worker-174: Building workspace] INFO  o.e.m.c.i.embedder.EclipseLogger - Using 'UTF-8' encoding to copy filtered resources.
2019-10-22 23:26:24,545 [Worker-174: Building workspace] INFO  o.e.m.c.i.embedder.EclipseLogger - skip non existing resourceDirectory E:\saran\revision\src\main\resources
2019-10-22 23:26:24,656 [Worker-174: Building workspace] INFO  o.e.m.c.i.embedder.EclipseLogger - Using 'UTF-8' encoding to copy filtered resources.
2019-10-22 23:26:24,657 [Worker-174: Building workspace] INFO  o.e.m.c.i.embedder.EclipseLogger - skip non existing resourceDirectory E:\saran\revision\src\test\resources
2019-10-22 23:28:23,131 [Worker-185: Building workspace] INFO  o.e.m.c.i.embedder.EclipseLogger - Using 'UTF-8' encoding to copy filtered resources.
2019-10-22 23:28:23,131 [Worker-185: Building workspace] INFO  o.e.m.c.i.embedder.EclipseLogger - skip non existing resourceDirectory E:\saran\revision\src\main\resources
2019-10-22 23:28:23,133 [Worker-185: Building workspace] INFO  o.e.m.c.i.embedder.EclipseLogger - Using 'UTF-8' encoding to copy filtered resources.
2019-10-22 23:28:23,133 [Worker-185: Building workspace] INFO  o.e.m.c.i.embedder.EclipseLogger - skip non existing resourceDirectory E:\saran\revision\src\test\resources
2019-10-22 23:36:07,650 [Worker-187: Building workspace] INFO  o.e.m.c.i.embedder.EclipseLogger - Using 'UTF-8' encoding to copy filtered resources.
2019-10-22 23:36:07,651 [Worker-187: Building workspace] INFO  o.e.m.c.i.embedder.EclipseLogger - skip non existing resourceDirectory E:\saran\revision\src\main\resources
2019-10-22 23:36:07,652 [Worker-187: Building workspace] INFO  o.e.m.c.i.embedder.EclipseLogger - Using 'UTF-8' encoding to copy filtered resources.
2019-10-22 23:36:07,652 [Worker-187: Building workspace] INFO  o.e.m.c.i.embedder.EclipseLogger - skip non existing resourceDirectory E:\saran\revision\src\test\resources
2019-10-22 23:41:27,501 [Worker-189: Building workspace] INFO  o.e.m.c.i.embedder.EclipseLogger - Using 'UTF-8' encoding to copy filtered resources.
2019-10-22 23:41:27,501 [Worker-189: Building workspace] INFO  o.e.m.c.i.embedder.EclipseLogger - skip non existing resourceDirectory E:\saran\revision\src\main\resources
2019-10-22 23:41:27,504 [Worker-189: Building workspace] INFO  o.e.m.c.i.embedder.EclipseLogger - Using 'UTF-8' encoding to copy filtered resources.
2019-10-22 23:41:27,504 [Worker-189: Building workspace] INFO  o.e.m.c.i.embedder.EclipseLogger - skip non existing resourceDirectory E:\saran\revision\src\test\resources
2019-10-22 23:47:03,689 [Worker-190: Building workspace] INFO  o.e.m.c.i.embedder.EclipseLogger - Using 'UTF-8' encoding to copy filtered resources.
2019-10-22 23:47:03,689 [Worker-190: Building workspace] INFO  o.e.m.c.i.embedder.EclipseLogger - skip non existing resourceDirectory E:\saran\revision\src\main\resources
2019-10-22 23:47:03,690 [Worker-190: Building workspace] INFO  o.e.m.c.i.embedder.EclipseLogger - Using 'UTF-8' encoding to copy filtered resources.
2019-10-22 23:47:03,690 [Worker-190: Building workspace] INFO  o.e.m.c.i.embedder.EclipseLogger - skip non existing resourceDirectory E:\saran\revision\src\test\resources
2019-10-22 23:50:31,522 [Worker-190: Building workspace] INFO  o.e.m.c.i.embedder.EclipseLogger - Using 'UTF-8' encoding to copy filtered resources.
2019-10-22 23:50:31,522 [Worker-190: Building workspace] INFO  o.e.m.c.i.embedder.EclipseLogger - skip non existing resourceDirectory E:\saran\revision\src\main\resources
2019-10-22 23:50:31,524 [Worker-190: Building workspace] INFO  o.e.m.c.i.embedder.EclipseLogger - Using 'UTF-8' encoding to copy filtered resources.
2019-10-22 23:50:31,525 [Worker-190: Building workspace] INFO  o.e.m.c.i.embedder.EclipseLogger - skip non existing resourceDirectory E:\saran\revision\src\test\resources
2019-10-22 23:51:39,726 [Worker-193: Building workspace] INFO  o.e.m.c.i.embedder.EclipseLogger - Using 'UTF-8' encoding to copy filtered resources.
2019-10-22 23:51:39,726 [Worker-193: Building workspace] INFO  o.e.m.c.i.embedder.EclipseLogger - skip non existing resourceDirectory E:\saran\revision\src\main\resources
2019-10-22 23:51:39,728 [Worker-193: Building workspace] INFO  o.e.m.c.i.embedder.EclipseLogger - Using 'UTF-8' encoding to copy filtered resources.
2019-10-22 23:51:39,729 [Worker-193: Building workspace] INFO  o.e.m.c.i.embedder.EclipseLogger - skip non existing resourceDirectory E:\saran\revision\src\test\resources
2019-10-22 23:58:03,646 [Worker-192: Launching Run] INFO  o.e.m.c.i.embedder.EclipseLogger - Using 'UTF-8' encoding to copy filtered resources.
2019-10-22 23:58:03,646 [Worker-192: Launching Run] INFO  o.e.m.c.i.embedder.EclipseLogger - skip non existing resourceDirectory E:\saran\revision\src\main\resources
2019-10-22 23:58:03,648 [Worker-192: Launching Run] INFO  o.e.m.c.i.embedder.EclipseLogger - Using 'UTF-8' encoding to copy filtered resources.
2019-10-22 23:58:03,648 [Worker-192: Launching Run] INFO  o.e.m.c.i.embedder.EclipseLogger - skip non existing resourceDirectory E:\saran\revision\src\test\resources
2019-10-23 00:01:14,869 [Worker-197: Launching Run] INFO  o.e.m.c.i.embedder.EclipseLogger - Using 'UTF-8' encoding to copy filtered resources.
2019-10-23 00:01:14,870 [Worker-197: Launching Run] INFO  o.e.m.c.i.embedder.EclipseLogger - skip non existing resourceDirectory E:\saran\revision\src\main\resources
2019-10-23 00:01:14,887 [Worker-197: Launching Run] INFO  o.e.m.c.i.embedder.EclipseLogger - Using 'UTF-8' encoding to copy filtered resources.
2019-10-23 00:01:14,887 [Worker-197: Launching Run] INFO  o.e.m.c.i.embedder.EclipseLogger - skip non existing resourceDirectory E:\saran\revision\src\test\resources
2019-10-23 00:06:07,162 [Worker-201: Building workspace] INFO  o.e.m.c.i.embedder.EclipseLogger - Using 'UTF-8' encoding to copy filtered resources.
2019-10-23 00:06:07,163 [Worker-201: Building workspace] INFO  o.e.m.c.i.embedder.EclipseLogger - skip non existing resourceDirectory E:\saran\revision\src\main\resources
2019-10-23 00:06:07,165 [Worker-201: Building workspace] INFO  o.e.m.c.i.embedder.EclipseLogger - Using 'UTF-8' encoding to copy filtered resources.
2019-10-23 00:06:07,166 [Worker-201: Building workspace] INFO  o.e.m.c.i.embedder.EclipseLogger - skip non existing resourceDirectory E:\saran\revision\src\test\resources
2019-10-23 00:06:40,149 [Worker-197: Launching Run] INFO  o.e.m.c.i.embedder.EclipseLogger - Using 'UTF-8' encoding to copy filtered resources.
2019-10-23 00:06:40,149 [Worker-197: Launching Run] INFO  o.e.m.c.i.embedder.EclipseLogger - skip non existing resourceDirectory E:\saran\revision\src\main\resources
2019-10-23 00:06:40,151 [Worker-197: Launching Run] INFO  o.e.m.c.i.embedder.EclipseLogger - Using 'UTF-8' encoding to copy filtered resources.
2019-10-23 00:06:40,151 [Worker-197: Launching Run] INFO  o.e.m.c.i.embedder.EclipseLogger - skip non existing resourceDirectory E:\saran\revision\src\test\resources
2019-10-23 00:07:37,536 [Worker-201: Building workspace] INFO  o.e.m.c.i.embedder.EclipseLogger - Using 'UTF-8' encoding to copy filtered resources.
2019-10-23 00:07:37,536 [Worker-201: Building workspace] INFO  o.e.m.c.i.embedder.EclipseLogger - skip non existing resourceDirectory E:\saran\revision\src\main\resources
2019-10-23 00:07:37,538 [Worker-201: Building workspace] INFO  o.e.m.c.i.embedder.EclipseLogger - Using 'UTF-8' encoding to copy filtered resources.
2019-10-23 00:07:37,538 [Worker-201: Building workspace] INFO  o.e.m.c.i.embedder.EclipseLogger - skip non existing resourceDirectory E:\saran\revision\src\test\resources
2019-10-23 00:16:54,028 [Worker-209: Launching Run] INFO  o.e.m.c.i.embedder.EclipseLogger - Using 'UTF-8' encoding to copy filtered resources.
2019-10-23 00:16:54,028 [Worker-209: Launching Run] INFO  o.e.m.c.i.embedder.EclipseLogger - skip non existing resourceDirectory E:\saran\revision\src\main\resources
2019-10-23 00:16:54,030 [Worker-209: Launching Run] INFO  o.e.m.c.i.embedder.EclipseLogger - Using 'UTF-8' encoding to copy filtered resources.
2019-10-23 00:16:54,030 [Worker-209: Launching Run] INFO  o.e.m.c.i.embedder.EclipseLogger - skip non existing resourceDirectory E:\saran\revision\src\test\resources
2019-10-23 13:53:47,626 [Worker-18: Loading available Gradle versions] INFO  o.e.b.c.i.u.g.PublishedGradleVersions - Gradle version information cache is out-of-date. Trying to update.
2019-10-23 13:53:48,510 [Worker-18: Loading available Gradle versions] INFO  o.e.b.c.i.u.g.PublishedGradleVersions - Updating Gradle version information cache failed. Using outdated cache.
2019-10-23 14:02:28,473 [Worker-1: Building workspace] INFO  o.e.m.c.i.embedder.EclipseLogger - Using 'UTF-8' encoding to copy filtered resources.
2019-10-23 14:02:28,474 [Worker-1: Building workspace] INFO  o.e.m.c.i.embedder.EclipseLogger - skip non existing resourceDirectory E:\saran\revision\src\main\resources
2019-10-23 14:02:28,478 [Worker-1: Building workspace] INFO  o.e.m.c.i.embedder.EclipseLogger - Using 'UTF-8' encoding to copy filtered resources.
2019-10-23 14:02:28,479 [Worker-1: Building workspace] INFO  o.e.m.c.i.embedder.EclipseLogger - skip non existing resourceDirectory E:\saran\revision\src\test\resources
